<?xml version="1.0" encoding="UTF-8"?>
<testng-results ignored="0" total="1" passed="1" failed="0" skipped="0">
  <reporter-output>
  </reporter-output>
  <suite started-at="2025-09-21T18:33:58 EDT" name="Default suite" finished-at="2025-09-21T18:34:14 EDT" duration-ms="16109">
    <groups>
    </groups>
    <test started-at="2025-09-21T18:33:58 EDT" name="Default test" finished-at="2025-09-21T18:34:14 EDT" duration-ms="16109">
      <class name="TestCases.Dependant">
        <test-method is-config="true" signature="Setup()[pri:0, instance:TestCases.Dependant@765d7657]" started-at="2025-09-21T18:33:58 EDT" name="Setup" finished-at="2025-09-21T18:34:01 EDT" duration-ms="2623" status="PASS">
          <reporter-output>
          </reporter-output>
        </test-method> <!-- Setup -->
        <test-method signature="addDependant()[pri:0, instance:TestCases.Dependant@765d7657]" started-at="2025-09-21T18:34:01 EDT" name="addDependant" finished-at="2025-09-21T18:34:09 EDT" duration-ms="8256" status="PASS">
          <reporter-output>
          </reporter-output>
        </test-method> <!-- addDependant -->
        <test-method is-config="true" signature="tearDown()[pri:0, instance:TestCases.Dependant@765d7657]" started-at="2025-09-21T18:34:09 EDT" name="tearDown" finished-at="2025-09-21T18:34:14 EDT" duration-ms="5178" status="PASS">
          <reporter-output>
          </reporter-output>
        </test-method> <!-- tearDown -->
      </class> <!-- TestCases.Dependant -->
    </test> <!-- Default test -->
  </suite> <!-- Default suite -->
</testng-results>
