<?xml version="1.0" encoding="UTF-8"?>
<testng-results ignored="0" total="2" passed="2" failed="0" skipped="0">
  <reporter-output>
  </reporter-output>
  <suite started-at="2025-09-21T21:24:36 EDT" name="Default suite" finished-at="2025-09-21T21:24:44 EDT" duration-ms="8263">
    <groups>
    </groups>
    <test started-at="2025-09-21T21:24:36 EDT" name="Default test" finished-at="2025-09-21T21:24:44 EDT" duration-ms="8263">
      <class name="TestCases.Dependant">
        <test-method is-config="true" signature="Setup()[pri:0, instance:TestCases.Dependant@662ac478]" started-at="2025-09-21T21:24:34 EDT" name="Setup" finished-at="2025-09-21T21:24:36 EDT" duration-ms="2219" status="PASS">
          <reporter-output>
          </reporter-output>
        </test-method> <!-- Setup -->
        <test-method signature="addDependant()[pri:1, instance:TestCases.Dependant@662ac478]" started-at="2025-09-21T21:24:36 EDT" name="addDependant" finished-at="2025-09-21T21:24:44 EDT" duration-ms="8054" status="PASS">
          <reporter-output>
          </reporter-output>
        </test-method> <!-- addDependant -->
        <test-method signature="deleteDepandant()[pri:2, instance:TestCases.Dependant@662ac478]" started-at="2025-09-21T21:24:44 EDT" name="deleteDepandant" finished-at="2025-09-21T21:24:44 EDT" depends-on-methods="TestCases.Dependant.addDependant" duration-ms="174" status="PASS">
          <reporter-output>
          </reporter-output>
        </test-method> <!-- deleteDepandant -->
        <test-method is-config="true" signature="tearDown()[pri:0, instance:TestCases.Dependant@662ac478]" started-at="2025-09-21T21:24:44 EDT" name="tearDown" finished-at="2025-09-21T21:24:50 EDT" duration-ms="5273" status="PASS">
          <reporter-output>
          </reporter-output>
        </test-method> <!-- tearDown -->
      </class> <!-- TestCases.Dependant -->
    </test> <!-- Default test -->
  </suite> <!-- Default suite -->
</testng-results>
